[2015-11-28 18:50:36] local.ERROR: exception 'Illuminate\Session\TokenMismatchException' in D:\Copy gidenilson@gmail.com\Computacao\Curso Laravel 5\laravel-express\vendor\laravel\framework\src\Illuminate\Foundation\Http\Middleware\VerifyCsrfToken.php:53
Stack trace:
#0 [internal function]: Illuminate\Foundation\Http\Middleware\VerifyCsrfToken->handle(Object(Illuminate\Http\Request), Object(Closure))
#1 D:\Copy gidenilson@gmail.com\Computacao\Curso Laravel 5\laravel-express\vendor\laravel\framework\src\Illuminate\Pipeline\Pipeline.php(124): call_user_func_array(Array, Array)
#2 D:\Copy gidenilson@gmail.com\Computacao\Curso Laravel 5\laravel-express\vendor\laravel\framework\src\Illuminate\View\Middleware\ShareErrorsFromSession.php(49): Illuminate\Pipeline\Pipeline->Illuminate\Pipeline\{closure}(Object(Illuminate\Http\Request))
#3 [internal function]: Illuminate\View\Middleware\ShareErrorsFromSession->handle(Object(Illuminate\Http\Request), Object(Closure))
#4 D:\Copy gidenilson@gmail.com\Computacao\Curso Laravel 5\laravel-express\vendor\laravel\framework\src\Illuminate\Pipeline\Pipeline.php(124): call_user_func_array(Array, Array)
#5 D:\Copy gidenilson@gmail.com\Computacao\Curso Laravel 5\laravel-express\vendor\laravel\framework\src\Illuminate\Session\Middleware\StartSession.php(62): Illuminate\Pipeline\Pipeline->Illuminate\Pipeline\{closure}(Object(Illuminate\Http\Request))
#6 [internal function]: Illuminate\Session\Middleware\StartSession->handle(Object(Illuminate\Http\Request), Object(Closure))
#7 D:\Copy gidenilson@gmail.com\Computacao\Curso Laravel 5\laravel-express\vendor\laravel\framework\src\Illuminate\Pipeline\Pipeline.php(124): call_user_func_array(Array, Array)
#8 D:\Copy gidenilson@gmail.com\Computacao\Curso Laravel 5\laravel-express\vendor\laravel\framework\src\Illuminate\Cookie\Middleware\AddQueuedCookiesToResponse.php(37): Illuminate\Pipeline\Pipeline->Illuminate\Pipeline\{closure}(Object(Illuminate\Http\Request))
#9 [internal function]: Illuminate\Cookie\Middleware\AddQueuedCookiesToResponse->handle(Object(Illuminate\Http\Request), Object(Closure))
#10 D:\Copy gidenilson@gmail.com\Computacao\Curso Laravel 5\laravel-express\vendor\laravel\framework\src\Illuminate\Pipeline\Pipeline.php(124): call_user_func_array(Array, Array)
#11 D:\Copy gidenilson@gmail.com\Computacao\Curso Laravel 5\laravel-express\vendor\laravel\framework\src\Illuminate\Cookie\Middleware\EncryptCookies.php(59): Illuminate\Pipeline\Pipeline->Illuminate\Pipeline\{closure}(Object(Illuminate\Http\Request))
#12 [internal function]: Illuminate\Cookie\Middleware\EncryptCookies->handle(Object(Illuminate\Http\Request), Object(Closure))
#13 D:\Copy gidenilson@gmail.com\Computacao\Curso Laravel 5\laravel-express\vendor\laravel\framework\src\Illuminate\Pipeline\Pipeline.php(124): call_user_func_array(Array, Array)
#14 D:\Copy gidenilson@gmail.com\Computacao\Curso Laravel 5\laravel-express\vendor\laravel\framework\src\Illuminate\Foundation\Http\Middleware\CheckForMaintenanceMode.php(42): Illuminate\Pipeline\Pipeline->Illuminate\Pipeline\{closure}(Object(Illuminate\Http\Request))
#15 [internal function]: Illuminate\Foundation\Http\Middleware\CheckForMaintenanceMode->handle(Object(Illuminate\Http\Request), Object(Closure))
#16 D:\Copy gidenilson@gmail.com\Computacao\Curso Laravel 5\laravel-express\vendor\laravel\framework\src\Illuminate\Pipeline\Pipeline.php(124): call_user_func_array(Array, Array)
#17 [internal function]: Illuminate\Pipeline\Pipeline->Illuminate\Pipeline\{closure}(Object(Illuminate\Http\Request))
#18 D:\Copy gidenilson@gmail.com\Computacao\Curso Laravel 5\laravel-express\vendor\laravel\framework\src\Illuminate\Pipeline\Pipeline.php(103): call_user_func(Object(Closure), Object(Illuminate\Http\Request))
#19 D:\Copy gidenilson@gmail.com\Computacao\Curso Laravel 5\laravel-express\vendor\laravel\framework\src\Illuminate\Foundation\Http\Kernel.php(122): Illuminate\Pipeline\Pipeline->then(Object(Closure))
#20 D:\Copy gidenilson@gmail.com\Computacao\Curso Laravel 5\laravel-express\vendor\laravel\framework\src\Illuminate\Foundation\Http\Kernel.php(87): Illuminate\Foundation\Http\Kernel->sendRequestThroughRouter(Object(Illuminate\Http\Request))
#21 D:\Copy gidenilson@gmail.com\Computacao\Curso Laravel 5\laravel-express\public\index.php(54): Illuminate\Foundation\Http\Kernel->handle(Object(Illuminate\Http\Request))
#22 D:\Copy gidenilson@gmail.com\Computacao\Curso Laravel 5\laravel-express\server.php(21): require_once('D:\\Copy gidenil...')
#23 {main}  
[2015-11-28 18:50:36] local.ERROR: exception 'Illuminate\Session\TokenMismatchException' in D:\Copy gidenilson@gmail.com\Computacao\Curso Laravel 5\laravel-express\vendor\laravel\framework\src\Illuminate\Foundation\Http\Middleware\VerifyCsrfToken.php:53
Stack trace:
#0 [internal function]: Illuminate\Foundation\Http\Middleware\VerifyCsrfToken->handle(Object(Illuminate\Http\Request), Object(Closure))
#1 D:\Copy gidenilson@gmail.com\Computacao\Curso Laravel 5\laravel-express\vendor\laravel\framework\src\Illuminate\Pipeline\Pipeline.php(124): call_user_func_array(Array, Array)
#2 D:\Copy gidenilson@gmail.com\Computacao\Curso Laravel 5\laravel-express\vendor\laravel\framework\src\Illuminate\View\Middleware\ShareErrorsFromSession.php(49): Illuminate\Pipeline\Pipeline->Illuminate\Pipeline\{closure}(Object(Illuminate\Http\Request))
#3 [internal function]: Illuminate\View\Middleware\ShareErrorsFromSession->handle(Object(Illuminate\Http\Request), Object(Closure))
#4 D:\Copy gidenilson@gmail.com\Computacao\Curso Laravel 5\laravel-express\vendor\laravel\framework\src\Illuminate\Pipeline\Pipeline.php(124): call_user_func_array(Array, Array)
#5 D:\Copy gidenilson@gmail.com\Computacao\Curso Laravel 5\laravel-express\vendor\laravel\framework\src\Illuminate\Session\Middleware\StartSession.php(62): Illuminate\Pipeline\Pipeline->Illuminate\Pipeline\{closure}(Object(Illuminate\Http\Request))
#6 [internal function]: Illuminate\Session\Middleware\StartSession->handle(Object(Illuminate\Http\Request), Object(Closure))
#7 D:\Copy gidenilson@gmail.com\Computacao\Curso Laravel 5\laravel-express\vendor\laravel\framework\src\Illuminate\Pipeline\Pipeline.php(124): call_user_func_array(Array, Array)
#8 D:\Copy gidenilson@gmail.com\Computacao\Curso Laravel 5\laravel-express\vendor\laravel\framework\src\Illuminate\Cookie\Middleware\AddQueuedCookiesToResponse.php(37): Illuminate\Pipeline\Pipeline->Illuminate\Pipeline\{closure}(Object(Illuminate\Http\Request))
#9 [internal function]: Illuminate\Cookie\Middleware\AddQueuedCookiesToResponse->handle(Object(Illuminate\Http\Request), Object(Closure))
#10 D:\Copy gidenilson@gmail.com\Computacao\Curso Laravel 5\laravel-express\vendor\laravel\framework\src\Illuminate\Pipeline\Pipeline.php(124): call_user_func_array(Array, Array)
#11 D:\Copy gidenilson@gmail.com\Computacao\Curso Laravel 5\laravel-express\vendor\laravel\framework\src\Illuminate\Cookie\Middleware\EncryptCookies.php(59): Illuminate\Pipeline\Pipeline->Illuminate\Pipeline\{closure}(Object(Illuminate\Http\Request))
#12 [internal function]: Illuminate\Cookie\Middleware\EncryptCookies->handle(Object(Illuminate\Http\Request), Object(Closure))
#13 D:\Copy gidenilson@gmail.com\Computacao\Curso Laravel 5\laravel-express\vendor\laravel\framework\src\Illuminate\Pipeline\Pipeline.php(124): call_user_func_array(Array, Array)
#14 D:\Copy gidenilson@gmail.com\Computacao\Curso Laravel 5\laravel-express\vendor\laravel\framework\src\Illuminate\Foundation\Http\Middleware\CheckForMaintenanceMode.php(42): Illuminate\Pipeline\Pipeline->Illuminate\Pipeline\{closure}(Object(Illuminate\Http\Request))
#15 [internal function]: Illuminate\Foundation\Http\Middleware\CheckForMaintenanceMode->handle(Object(Illuminate\Http\Request), Object(Closure))
#16 D:\Copy gidenilson@gmail.com\Computacao\Curso Laravel 5\laravel-express\vendor\laravel\framework\src\Illuminate\Pipeline\Pipeline.php(124): call_user_func_array(Array, Array)
#17 [internal function]: Illuminate\Pipeline\Pipeline->Illuminate\Pipeline\{closure}(Object(Illuminate\Http\Request))
#18 D:\Copy gidenilson@gmail.com\Computacao\Curso Laravel 5\laravel-express\vendor\laravel\framework\src\Illuminate\Pipeline\Pipeline.php(103): call_user_func(Object(Closure), Object(Illuminate\Http\Request))
#19 D:\Copy gidenilson@gmail.com\Computacao\Curso Laravel 5\laravel-express\vendor\laravel\framework\src\Illuminate\Foundation\Http\Kernel.php(122): Illuminate\Pipeline\Pipeline->then(Object(Closure))
#20 D:\Copy gidenilson@gmail.com\Computacao\Curso Laravel 5\laravel-express\vendor\laravel\framework\src\Illuminate\Foundation\Http\Kernel.php(87): Illuminate\Foundation\Http\Kernel->sendRequestThroughRouter(Object(Illuminate\Http\Request))
#21 D:\Copy gidenilson@gmail.com\Computacao\Curso Laravel 5\laravel-express\public\index.php(54): Illuminate\Foundation\Http\Kernel->handle(Object(Illuminate\Http\Request))
#22 D:\Copy gidenilson@gmail.com\Computacao\Curso Laravel 5\laravel-express\server.php(21): require_once('D:\\Copy gidenil...')
#23 {main}  
[2015-11-28 18:50:36] local.ERROR: exception 'Illuminate\Session\TokenMismatchException' in D:\Copy gidenilson@gmail.com\Computacao\Curso Laravel 5\laravel-express\vendor\laravel\framework\src\Illuminate\Foundation\Http\Middleware\VerifyCsrfToken.php:53
Stack trace:
#0 [internal function]: Illuminate\Foundation\Http\Middleware\VerifyCsrfToken->handle(Object(Illuminate\Http\Request), Object(Closure))
#1 D:\Copy gidenilson@gmail.com\Computacao\Curso Laravel 5\laravel-express\vendor\laravel\framework\src\Illuminate\Pipeline\Pipeline.php(124): call_user_func_array(Array, Array)
#2 D:\Copy gidenilson@gmail.com\Computacao\Curso Laravel 5\laravel-express\vendor\laravel\framework\src\Illuminate\View\Middleware\ShareErrorsFromSession.php(49): Illuminate\Pipeline\Pipeline->Illuminate\Pipeline\{closure}(Object(Illuminate\Http\Request))
#3 [internal function]: Illuminate\View\Middleware\ShareErrorsFromSession->handle(Object(Illuminate\Http\Request), Object(Closure))
#4 D:\Copy gidenilson@gmail.com\Computacao\Curso Laravel 5\laravel-express\vendor\laravel\framework\src\Illuminate\Pipeline\Pipeline.php(124): call_user_func_array(Array, Array)
#5 D:\Copy gidenilson@gmail.com\Computacao\Curso Laravel 5\laravel-express\vendor\laravel\framework\src\Illuminate\Session\Middleware\StartSession.php(62): Illuminate\Pipeline\Pipeline->Illuminate\Pipeline\{closure}(Object(Illuminate\Http\Request))
#6 [internal function]: Illuminate\Session\Middleware\StartSession->handle(Object(Illuminate\Http\Request), Object(Closure))
#7 D:\Copy gidenilson@gmail.com\Computacao\Curso Laravel 5\laravel-express\vendor\laravel\framework\src\Illuminate\Pipeline\Pipeline.php(124): call_user_func_array(Array, Array)
#8 D:\Copy gidenilson@gmail.com\Computacao\Curso Laravel 5\laravel-express\vendor\laravel\framework\src\Illuminate\Cookie\Middleware\AddQueuedCookiesToResponse.php(37): Illuminate\Pipeline\Pipeline->Illuminate\Pipeline\{closure}(Object(Illuminate\Http\Request))
#9 [internal function]: Illuminate\Cookie\Middleware\AddQueuedCookiesToResponse->handle(Object(Illuminate\Http\Request), Object(Closure))
#10 D:\Copy gidenilson@gmail.com\Computacao\Curso Laravel 5\laravel-express\vendor\laravel\framework\src\Illuminate\Pipeline\Pipeline.php(124): call_user_func_array(Array, Array)
#11 D:\Copy gidenilson@gmail.com\Computacao\Curso Laravel 5\laravel-express\vendor\laravel\framework\src\Illuminate\Cookie\Middleware\EncryptCookies.php(59): Illuminate\Pipeline\Pipeline->Illuminate\Pipeline\{closure}(Object(Illuminate\Http\Request))
#12 [internal function]: Illuminate\Cookie\Middleware\EncryptCookies->handle(Object(Illuminate\Http\Request), Object(Closure))
#13 D:\Copy gidenilson@gmail.com\Computacao\Curso Laravel 5\laravel-express\vendor\laravel\framework\src\Illuminate\Pipeline\Pipeline.php(124): call_user_func_array(Array, Array)
#14 D:\Copy gidenilson@gmail.com\Computacao\Curso Laravel 5\laravel-express\vendor\laravel\framework\src\Illuminate\Foundation\Http\Middleware\CheckForMaintenanceMode.php(42): Illuminate\Pipeline\Pipeline->Illuminate\Pipeline\{closure}(Object(Illuminate\Http\Request))
#15 [internal function]: Illuminate\Foundation\Http\Middleware\CheckForMaintenanceMode->handle(Object(Illuminate\Http\Request), Object(Closure))
#16 D:\Copy gidenilson@gmail.com\Computacao\Curso Laravel 5\laravel-express\vendor\laravel\framework\src\Illuminate\Pipeline\Pipeline.php(124): call_user_func_array(Array, Array)
#17 [internal function]: Illuminate\Pipeline\Pipeline->Illuminate\Pipeline\{closure}(Object(Illuminate\Http\Request))
#18 D:\Copy gidenilson@gmail.com\Computacao\Curso Laravel 5\laravel-express\vendor\laravel\framework\src\Illuminate\Pipeline\Pipeline.php(103): call_user_func(Object(Closure), Object(Illuminate\Http\Request))
#19 D:\Copy gidenilson@gmail.com\Computacao\Curso Laravel 5\laravel-express\vendor\laravel\framework\src\Illuminate\Foundation\Http\Kernel.php(122): Illuminate\Pipeline\Pipeline->then(Object(Closure))
#20 D:\Copy gidenilson@gmail.com\Computacao\Curso Laravel 5\laravel-express\vendor\laravel\framework\src\Illuminate\Foundation\Http\Kernel.php(87): Illuminate\Foundation\Http\Kernel->sendRequestThroughRouter(Object(Illuminate\Http\Request))
#21 D:\Copy gidenilson@gmail.com\Computacao\Curso Laravel 5\laravel-express\public\index.php(54): Illuminate\Foundation\Http\Kernel->handle(Object(Illuminate\Http\Request))
#22 D:\Copy gidenilson@gmail.com\Computacao\Curso Laravel 5\laravel-express\server.php(21): require_once('D:\\Copy gidenil...')
#23 {main}  
[2015-11-28 18:50:37] local.ERROR: exception 'Illuminate\Session\TokenMismatchException' in D:\Copy gidenilson@gmail.com\Computacao\Curso Laravel 5\laravel-express\vendor\laravel\framework\src\Illuminate\Foundation\Http\Middleware\VerifyCsrfToken.php:53
Stack trace:
#0 [internal function]: Illuminate\Foundation\Http\Middleware\VerifyCsrfToken->handle(Object(Illuminate\Http\Request), Object(Closure))
#1 D:\Copy gidenilson@gmail.com\Computacao\Curso Laravel 5\laravel-express\vendor\laravel\framework\src\Illuminate\Pipeline\Pipeline.php(124): call_user_func_array(Array, Array)
#2 D:\Copy gidenilson@gmail.com\Computacao\Curso Laravel 5\laravel-express\vendor\laravel\framework\src\Illuminate\View\Middleware\ShareErrorsFromSession.php(49): Illuminate\Pipeline\Pipeline->Illuminate\Pipeline\{closure}(Object(Illuminate\Http\Request))
#3 [internal function]: Illuminate\View\Middleware\ShareErrorsFromSession->handle(Object(Illuminate\Http\Request), Object(Closure))
#4 D:\Copy gidenilson@gmail.com\Computacao\Curso Laravel 5\laravel-express\vendor\laravel\framework\src\Illuminate\Pipeline\Pipeline.php(124): call_user_func_array(Array, Array)
#5 D:\Copy gidenilson@gmail.com\Computacao\Curso Laravel 5\laravel-express\vendor\laravel\framework\src\Illuminate\Session\Middleware\StartSession.php(62): Illuminate\Pipeline\Pipeline->Illuminate\Pipeline\{closure}(Object(Illuminate\Http\Request))
#6 [internal function]: Illuminate\Session\Middleware\StartSession->handle(Object(Illuminate\Http\Request), Object(Closure))
#7 D:\Copy gidenilson@gmail.com\Computacao\Curso Laravel 5\laravel-express\vendor\laravel\framework\src\Illuminate\Pipeline\Pipeline.php(124): call_user_func_array(Array, Array)
#8 D:\Copy gidenilson@gmail.com\Computacao\Curso Laravel 5\laravel-express\vendor\laravel\framework\src\Illuminate\Cookie\Middleware\AddQueuedCookiesToResponse.php(37): Illuminate\Pipeline\Pipeline->Illuminate\Pipeline\{closure}(Object(Illuminate\Http\Request))
#9 [internal function]: Illuminate\Cookie\Middleware\AddQueuedCookiesToResponse->handle(Object(Illuminate\Http\Request), Object(Closure))
#10 D:\Copy gidenilson@gmail.com\Computacao\Curso Laravel 5\laravel-express\vendor\laravel\framework\src\Illuminate\Pipeline\Pipeline.php(124): call_user_func_array(Array, Array)
#11 D:\Copy gidenilson@gmail.com\Computacao\Curso Laravel 5\laravel-express\vendor\laravel\framework\src\Illuminate\Cookie\Middleware\EncryptCookies.php(59): Illuminate\Pipeline\Pipeline->Illuminate\Pipeline\{closure}(Object(Illuminate\Http\Request))
#12 [internal function]: Illuminate\Cookie\Middleware\EncryptCookies->handle(Object(Illuminate\Http\Request), Object(Closure))
#13 D:\Copy gidenilson@gmail.com\Computacao\Curso Laravel 5\laravel-express\vendor\laravel\framework\src\Illuminate\Pipeline\Pipeline.php(124): call_user_func_array(Array, Array)
#14 D:\Copy gidenilson@gmail.com\Computacao\Curso Laravel 5\laravel-express\vendor\laravel\framework\src\Illuminate\Foundation\Http\Middleware\CheckForMaintenanceMode.php(42): Illuminate\Pipeline\Pipeline->Illuminate\Pipeline\{closure}(Object(Illuminate\Http\Request))
#15 [internal function]: Illuminate\Foundation\Http\Middleware\CheckForMaintenanceMode->handle(Object(Illuminate\Http\Request), Object(Closure))
#16 D:\Copy gidenilson@gmail.com\Computacao\Curso Laravel 5\laravel-express\vendor\laravel\framework\src\Illuminate\Pipeline\Pipeline.php(124): call_user_func_array(Array, Array)
#17 [internal function]: Illuminate\Pipeline\Pipeline->Illuminate\Pipeline\{closure}(Object(Illuminate\Http\Request))
#18 D:\Copy gidenilson@gmail.com\Computacao\Curso Laravel 5\laravel-express\vendor\laravel\framework\src\Illuminate\Pipeline\Pipeline.php(103): call_user_func(Object(Closure), Object(Illuminate\Http\Request))
#19 D:\Copy gidenilson@gmail.com\Computacao\Curso Laravel 5\laravel-express\vendor\laravel\framework\src\Illuminate\Foundation\Http\Kernel.php(122): Illuminate\Pipeline\Pipeline->then(Object(Closure))
#20 D:\Copy gidenilson@gmail.com\Computacao\Curso Laravel 5\laravel-express\vendor\laravel\framework\src\Illuminate\Foundation\Http\Kernel.php(87): Illuminate\Foundation\Http\Kernel->sendRequestThroughRouter(Object(Illuminate\Http\Request))
#21 D:\Copy gidenilson@gmail.com\Computacao\Curso Laravel 5\laravel-express\public\index.php(54): Illuminate\Foundation\Http\Kernel->handle(Object(Illuminate\Http\Request))
#22 D:\Copy gidenilson@gmail.com\Computacao\Curso Laravel 5\laravel-express\server.php(21): require_once('D:\\Copy gidenil...')
#23 {main}  
[2015-11-28 18:50:37] local.ERROR: exception 'Illuminate\Session\TokenMismatchException' in D:\Copy gidenilson@gmail.com\Computacao\Curso Laravel 5\laravel-express\vendor\laravel\framework\src\Illuminate\Foundation\Http\Middleware\VerifyCsrfToken.php:53
Stack trace:
#0 [internal function]: Illuminate\Foundation\Http\Middleware\VerifyCsrfToken->handle(Object(Illuminate\Http\Request), Object(Closure))
#1 D:\Copy gidenilson@gmail.com\Computacao\Curso Laravel 5\laravel-express\vendor\laravel\framework\src\Illuminate\Pipeline\Pipeline.php(124): call_user_func_array(Array, Array)
#2 D:\Copy gidenilson@gmail.com\Computacao\Curso Laravel 5\laravel-express\vendor\laravel\framework\src\Illuminate\View\Middleware\ShareErrorsFromSession.php(49): Illuminate\Pipeline\Pipeline->Illuminate\Pipeline\{closure}(Object(Illuminate\Http\Request))
#3 [internal function]: Illuminate\View\Middleware\ShareErrorsFromSession->handle(Object(Illuminate\Http\Request), Object(Closure))
#4 D:\Copy gidenilson@gmail.com\Computacao\Curso Laravel 5\laravel-express\vendor\laravel\framework\src\Illuminate\Pipeline\Pipeline.php(124): call_user_func_array(Array, Array)
#5 D:\Copy gidenilson@gmail.com\Computacao\Curso Laravel 5\laravel-express\vendor\laravel\framework\src\Illuminate\Session\Middleware\StartSession.php(62): Illuminate\Pipeline\Pipeline->Illuminate\Pipeline\{closure}(Object(Illuminate\Http\Request))
#6 [internal function]: Illuminate\Session\Middleware\StartSession->handle(Object(Illuminate\Http\Request), Object(Closure))
#7 D:\Copy gidenilson@gmail.com\Computacao\Curso Laravel 5\laravel-express\vendor\laravel\framework\src\Illuminate\Pipeline\Pipeline.php(124): call_user_func_array(Array, Array)
#8 D:\Copy gidenilson@gmail.com\Computacao\Curso Laravel 5\laravel-express\vendor\laravel\framework\src\Illuminate\Cookie\Middleware\AddQueuedCookiesToResponse.php(37): Illuminate\Pipeline\Pipeline->Illuminate\Pipeline\{closure}(Object(Illuminate\Http\Request))
#9 [internal function]: Illuminate\Cookie\Middleware\AddQueuedCookiesToResponse->handle(Object(Illuminate\Http\Request), Object(Closure))
#10 D:\Copy gidenilson@gmail.com\Computacao\Curso Laravel 5\laravel-express\vendor\laravel\framework\src\Illuminate\Pipeline\Pipeline.php(124): call_user_func_array(Array, Array)
#11 D:\Copy gidenilson@gmail.com\Computacao\Curso Laravel 5\laravel-express\vendor\laravel\framework\src\Illuminate\Cookie\Middleware\EncryptCookies.php(59): Illuminate\Pipeline\Pipeline->Illuminate\Pipeline\{closure}(Object(Illuminate\Http\Request))
#12 [internal function]: Illuminate\Cookie\Middleware\EncryptCookies->handle(Object(Illuminate\Http\Request), Object(Closure))
#13 D:\Copy gidenilson@gmail.com\Computacao\Curso Laravel 5\laravel-express\vendor\laravel\framework\src\Illuminate\Pipeline\Pipeline.php(124): call_user_func_array(Array, Array)
#14 D:\Copy gidenilson@gmail.com\Computacao\Curso Laravel 5\laravel-express\vendor\laravel\framework\src\Illuminate\Foundation\Http\Middleware\CheckForMaintenanceMode.php(42): Illuminate\Pipeline\Pipeline->Illuminate\Pipeline\{closure}(Object(Illuminate\Http\Request))
#15 [internal function]: Illuminate\Foundation\Http\Middleware\CheckForMaintenanceMode->handle(Object(Illuminate\Http\Request), Object(Closure))
#16 D:\Copy gidenilson@gmail.com\Computacao\Curso Laravel 5\laravel-express\vendor\laravel\framework\src\Illuminate\Pipeline\Pipeline.php(124): call_user_func_array(Array, Array)
#17 [internal function]: Illuminate\Pipeline\Pipeline->Illuminate\Pipeline\{closure}(Object(Illuminate\Http\Request))
#18 D:\Copy gidenilson@gmail.com\Computacao\Curso Laravel 5\laravel-express\vendor\laravel\framework\src\Illuminate\Pipeline\Pipeline.php(103): call_user_func(Object(Closure), Object(Illuminate\Http\Request))
#19 D:\Copy gidenilson@gmail.com\Computacao\Curso Laravel 5\laravel-express\vendor\laravel\framework\src\Illuminate\Foundation\Http\Kernel.php(122): Illuminate\Pipeline\Pipeline->then(Object(Closure))
#20 D:\Copy gidenilson@gmail.com\Computacao\Curso Laravel 5\laravel-express\vendor\laravel\framework\src\Illuminate\Foundation\Http\Kernel.php(87): Illuminate\Foundation\Http\Kernel->sendRequestThroughRouter(Object(Illuminate\Http\Request))
#21 D:\Copy gidenilson@gmail.com\Computacao\Curso Laravel 5\laravel-express\public\index.php(54): Illuminate\Foundation\Http\Kernel->handle(Object(Illuminate\Http\Request))
#22 D:\Copy gidenilson@gmail.com\Computacao\Curso Laravel 5\laravel-express\server.php(21): require_once('D:\\Copy gidenil...')
#23 {main}  
[2015-11-28 18:50:37] local.ERROR: exception 'Illuminate\Session\TokenMismatchException' in D:\Copy gidenilson@gmail.com\Computacao\Curso Laravel 5\laravel-express\vendor\laravel\framework\src\Illuminate\Foundation\Http\Middleware\VerifyCsrfToken.php:53
Stack trace:
#0 [internal function]: Illuminate\Foundation\Http\Middleware\VerifyCsrfToken->handle(Object(Illuminate\Http\Request), Object(Closure))
#1 D:\Copy gidenilson@gmail.com\Computacao\Curso Laravel 5\laravel-express\vendor\laravel\framework\src\Illuminate\Pipeline\Pipeline.php(124): call_user_func_array(Array, Array)
#2 D:\Copy gidenilson@gmail.com\Computacao\Curso Laravel 5\laravel-express\vendor\laravel\framework\src\Illuminate\View\Middleware\ShareErrorsFromSession.php(49): Illuminate\Pipeline\Pipeline->Illuminate\Pipeline\{closure}(Object(Illuminate\Http\Request))
#3 [internal function]: Illuminate\View\Middleware\ShareErrorsFromSession->handle(Object(Illuminate\Http\Request), Object(Closure))
#4 D:\Copy gidenilson@gmail.com\Computacao\Curso Laravel 5\laravel-express\vendor\laravel\framework\src\Illuminate\Pipeline\Pipeline.php(124): call_user_func_array(Array, Array)
#5 D:\Copy gidenilson@gmail.com\Computacao\Curso Laravel 5\laravel-express\vendor\laravel\framework\src\Illuminate\Session\Middleware\StartSession.php(62): Illuminate\Pipeline\Pipeline->Illuminate\Pipeline\{closure}(Object(Illuminate\Http\Request))
#6 [internal function]: Illuminate\Session\Middleware\StartSession->handle(Object(Illuminate\Http\Request), Object(Closure))
#7 D:\Copy gidenilson@gmail.com\Computacao\Curso Laravel 5\laravel-express\vendor\laravel\framework\src\Illuminate\Pipeline\Pipeline.php(124): call_user_func_array(Array, Array)
#8 D:\Copy gidenilson@gmail.com\Computacao\Curso Laravel 5\laravel-express\vendor\laravel\framework\src\Illuminate\Cookie\Middleware\AddQueuedCookiesToResponse.php(37): Illuminate\Pipeline\Pipeline->Illuminate\Pipeline\{closure}(Object(Illuminate\Http\Request))
#9 [internal function]: Illuminate\Cookie\Middleware\AddQueuedCookiesToResponse->handle(Object(Illuminate\Http\Request), Object(Closure))
#10 D:\Copy gidenilson@gmail.com\Computacao\Curso Laravel 5\laravel-express\vendor\laravel\framework\src\Illuminate\Pipeline\Pipeline.php(124): call_user_func_array(Array, Array)
#11 D:\Copy gidenilson@gmail.com\Computacao\Curso Laravel 5\laravel-express\vendor\laravel\framework\src\Illuminate\Cookie\Middleware\EncryptCookies.php(59): Illuminate\Pipeline\Pipeline->Illuminate\Pipeline\{closure}(Object(Illuminate\Http\Request))
#12 [internal function]: Illuminate\Cookie\Middleware\EncryptCookies->handle(Object(Illuminate\Http\Request), Object(Closure))
#13 D:\Copy gidenilson@gmail.com\Computacao\Curso Laravel 5\laravel-express\vendor\laravel\framework\src\Illuminate\Pipeline\Pipeline.php(124): call_user_func_array(Array, Array)
#14 D:\Copy gidenilson@gmail.com\Computacao\Curso Laravel 5\laravel-express\vendor\laravel\framework\src\Illuminate\Foundation\Http\Middleware\CheckForMaintenanceMode.php(42): Illuminate\Pipeline\Pipeline->Illuminate\Pipeline\{closure}(Object(Illuminate\Http\Request))
#15 [internal function]: Illuminate\Foundation\Http\Middleware\CheckForMaintenanceMode->handle(Object(Illuminate\Http\Request), Object(Closure))
#16 D:\Copy gidenilson@gmail.com\Computacao\Curso Laravel 5\laravel-express\vendor\laravel\framework\src\Illuminate\Pipeline\Pipeline.php(124): call_user_func_array(Array, Array)
#17 [internal function]: Illuminate\Pipeline\Pipeline->Illuminate\Pipeline\{closure}(Object(Illuminate\Http\Request))
#18 D:\Copy gidenilson@gmail.com\Computacao\Curso Laravel 5\laravel-express\vendor\laravel\framework\src\Illuminate\Pipeline\Pipeline.php(103): call_user_func(Object(Closure), Object(Illuminate\Http\Request))
#19 D:\Copy gidenilson@gmail.com\Computacao\Curso Laravel 5\laravel-express\vendor\laravel\framework\src\Illuminate\Foundation\Http\Kernel.php(122): Illuminate\Pipeline\Pipeline->then(Object(Closure))
#20 D:\Copy gidenilson@gmail.com\Computacao\Curso Laravel 5\laravel-express\vendor\laravel\framework\src\Illuminate\Foundation\Http\Kernel.php(87): Illuminate\Foundation\Http\Kernel->sendRequestThroughRouter(Object(Illuminate\Http\Request))
#21 D:\Copy gidenilson@gmail.com\Computacao\Curso Laravel 5\laravel-express\public\index.php(54): Illuminate\Foundation\Http\Kernel->handle(Object(Illuminate\Http\Request))
#22 D:\Copy gidenilson@gmail.com\Computacao\Curso Laravel 5\laravel-express\server.php(21): require_once('D:\\Copy gidenil...')
#23 {main}  
[2015-11-28 18:50:37] local.ERROR: exception 'Illuminate\Session\TokenMismatchException' in D:\Copy gidenilson@gmail.com\Computacao\Curso Laravel 5\laravel-express\vendor\laravel\framework\src\Illuminate\Foundation\Http\Middleware\VerifyCsrfToken.php:53
Stack trace:
#0 [internal function]: Illuminate\Foundation\Http\Middleware\VerifyCsrfToken->handle(Object(Illuminate\Http\Request), Object(Closure))
#1 D:\Copy gidenilson@gmail.com\Computacao\Curso Laravel 5\laravel-express\vendor\laravel\framework\src\Illuminate\Pipeline\Pipeline.php(124): call_user_func_array(Array, Array)
#2 D:\Copy gidenilson@gmail.com\Computacao\Curso Laravel 5\laravel-express\vendor\laravel\framework\src\Illuminate\View\Middleware\ShareErrorsFromSession.php(49): Illuminate\Pipeline\Pipeline->Illuminate\Pipeline\{closure}(Object(Illuminate\Http\Request))
#3 [internal function]: Illuminate\View\Middleware\ShareErrorsFromSession->handle(Object(Illuminate\Http\Request), Object(Closure))
#4 D:\Copy gidenilson@gmail.com\Computacao\Curso Laravel 5\laravel-express\vendor\laravel\framework\src\Illuminate\Pipeline\Pipeline.php(124): call_user_func_array(Array, Array)
#5 D:\Copy gidenilson@gmail.com\Computacao\Curso Laravel 5\laravel-express\vendor\laravel\framework\src\Illuminate\Session\Middleware\StartSession.php(62): Illuminate\Pipeline\Pipeline->Illuminate\Pipeline\{closure}(Object(Illuminate\Http\Request))
#6 [internal function]: Illuminate\Session\Middleware\StartSession->handle(Object(Illuminate\Http\Request), Object(Closure))
#7 D:\Copy gidenilson@gmail.com\Computacao\Curso Laravel 5\laravel-express\vendor\laravel\framework\src\Illuminate\Pipeline\Pipeline.php(124): call_user_func_array(Array, Array)
#8 D:\Copy gidenilson@gmail.com\Computacao\Curso Laravel 5\laravel-express\vendor\laravel\framework\src\Illuminate\Cookie\Middleware\AddQueuedCookiesToResponse.php(37): Illuminate\Pipeline\Pipeline->Illuminate\Pipeline\{closure}(Object(Illuminate\Http\Request))
#9 [internal function]: Illuminate\Cookie\Middleware\AddQueuedCookiesToResponse->handle(Object(Illuminate\Http\Request), Object(Closure))
#10 D:\Copy gidenilson@gmail.com\Computacao\Curso Laravel 5\laravel-express\vendor\laravel\framework\src\Illuminate\Pipeline\Pipeline.php(124): call_user_func_array(Array, Array)
#11 D:\Copy gidenilson@gmail.com\Computacao\Curso Laravel 5\laravel-express\vendor\laravel\framework\src\Illuminate\Cookie\Middleware\EncryptCookies.php(59): Illuminate\Pipeline\Pipeline->Illuminate\Pipeline\{closure}(Object(Illuminate\Http\Request))
#12 [internal function]: Illuminate\Cookie\Middleware\EncryptCookies->handle(Object(Illuminate\Http\Request), Object(Closure))
#13 D:\Copy gidenilson@gmail.com\Computacao\Curso Laravel 5\laravel-express\vendor\laravel\framework\src\Illuminate\Pipeline\Pipeline.php(124): call_user_func_array(Array, Array)
#14 D:\Copy gidenilson@gmail.com\Computacao\Curso Laravel 5\laravel-express\vendor\laravel\framework\src\Illuminate\Foundation\Http\Middleware\CheckForMaintenanceMode.php(42): Illuminate\Pipeline\Pipeline->Illuminate\Pipeline\{closure}(Object(Illuminate\Http\Request))
#15 [internal function]: Illuminate\Foundation\Http\Middleware\CheckForMaintenanceMode->handle(Object(Illuminate\Http\Request), Object(Closure))
#16 D:\Copy gidenilson@gmail.com\Computacao\Curso Laravel 5\laravel-express\vendor\laravel\framework\src\Illuminate\Pipeline\Pipeline.php(124): call_user_func_array(Array, Array)
#17 [internal function]: Illuminate\Pipeline\Pipeline->Illuminate\Pipeline\{closure}(Object(Illuminate\Http\Request))
#18 D:\Copy gidenilson@gmail.com\Computacao\Curso Laravel 5\laravel-express\vendor\laravel\framework\src\Illuminate\Pipeline\Pipeline.php(103): call_user_func(Object(Closure), Object(Illuminate\Http\Request))
#19 D:\Copy gidenilson@gmail.com\Computacao\Curso Laravel 5\laravel-express\vendor\laravel\framework\src\Illuminate\Foundation\Http\Kernel.php(122): Illuminate\Pipeline\Pipeline->then(Object(Closure))
#20 D:\Copy gidenilson@gmail.com\Computacao\Curso Laravel 5\laravel-express\vendor\laravel\framework\src\Illuminate\Foundation\Http\Kernel.php(87): Illuminate\Foundation\Http\Kernel->sendRequestThroughRouter(Object(Illuminate\Http\Request))
#21 D:\Copy gidenilson@gmail.com\Computacao\Curso Laravel 5\laravel-express\public\index.php(54): Illuminate\Foundation\Http\Kernel->handle(Object(Illuminate\Http\Request))
#22 D:\Copy gidenilson@gmail.com\Computacao\Curso Laravel 5\laravel-express\server.php(21): require_once('D:\\Copy gidenil...')
#23 {main}  
[2015-11-30 18:39:13] local.ERROR: exception 'ErrorException' with message 'Invalid argument supplied for foreach()' in D:\Copy gidenilson@gmail.com\Computacao\Curso Laravel 5\laravel-express\vendor\symfony\console\Input\ArgvInput.php:283
Stack trace:
#0 D:\Copy gidenilson@gmail.com\Computacao\Curso Laravel 5\laravel-express\vendor\symfony\console\Input\ArgvInput.php(283): Illuminate\Foundation\Bootstrap\HandleExceptions->handleError(2, 'Invalid argumen...', 'D:\\Copy gidenil...', 283, Array)
#1 D:\Copy gidenilson@gmail.com\Computacao\Curso Laravel 5\laravel-express\vendor\symfony\console\Application.php(787): Symfony\Component\Console\Input\ArgvInput->hasParameterOption(Array)
#2 D:\Copy gidenilson@gmail.com\Computacao\Curso Laravel 5\laravel-express\vendor\symfony\console\Application.php(117): Symfony\Component\Console\Application->configureIO(Object(Symfony\Component\Console\Input\ArgvInput), Object(Symfony\Component\Console\Output\ConsoleOutput))
#3 D:\Copy gidenilson@gmail.com\Computacao\Curso Laravel 5\laravel-express\vendor\laravel\framework\src\Illuminate\Foundation\Console\Kernel.php(107): Symfony\Component\Console\Application->run(Object(Symfony\Component\Console\Input\ArgvInput), Object(Symfony\Component\Console\Output\ConsoleOutput))
#4 D:\Copy gidenilson@gmail.com\Computacao\Curso Laravel 5\laravel-express\artisan(36): Illuminate\Foundation\Console\Kernel->handle(Object(Symfony\Component\Console\Input\ArgvInput), Object(Symfony\Component\Console\Output\ConsoleOutput))
#5 {main}  
[2015-11-30 18:45:57] local.ERROR: exception 'ErrorException' with message 'Invalid argument supplied for foreach()' in D:\Copy gidenilson@gmail.com\Computacao\Curso Laravel 5\laravel-express\vendor\symfony\console\Input\ArgvInput.php:283
Stack trace:
#0 D:\Copy gidenilson@gmail.com\Computacao\Curso Laravel 5\laravel-express\vendor\symfony\console\Input\ArgvInput.php(283): Illuminate\Foundation\Bootstrap\HandleExceptions->handleError(2, 'Invalid argumen...', 'D:\\Copy gidenil...', 283, Array)
#1 D:\Copy gidenilson@gmail.com\Computacao\Curso Laravel 5\laravel-express\vendor\symfony\console\Application.php(787): Symfony\Component\Console\Input\ArgvInput->hasParameterOption(Array)
#2 D:\Copy gidenilson@gmail.com\Computacao\Curso Laravel 5\laravel-express\vendor\symfony\console\Application.php(117): Symfony\Component\Console\Application->configureIO(Object(Symfony\Component\Console\Input\ArgvInput), Object(Symfony\Component\Console\Output\ConsoleOutput))
#3 D:\Copy gidenilson@gmail.com\Computacao\Curso Laravel 5\laravel-express\vendor\laravel\framework\src\Illuminate\Foundation\Console\Kernel.php(107): Symfony\Component\Console\Application->run(Object(Symfony\Component\Console\Input\ArgvInput), Object(Symfony\Component\Console\Output\ConsoleOutput))
#4 D:\Copy gidenilson@gmail.com\Computacao\Curso Laravel 5\laravel-express\artisan(36): Illuminate\Foundation\Console\Kernel->handle(Object(Symfony\Component\Console\Input\ArgvInput), Object(Symfony\Component\Console\Output\ConsoleOutput))
#5 {main}  
[2015-11-30 18:58:25] local.ERROR: exception 'InvalidArgumentException' with message 'Command "server" is not defined.

Did you mean this?
    serve' in D:\Copy gidenilson@gmail.com\Computacao\Curso Laravel 5\laravel-express\vendor\symfony\console\Application.php:511
Stack trace:
#0 D:\Copy gidenilson@gmail.com\Computacao\Curso Laravel 5\laravel-express\vendor\symfony\console\Application.php(186): Symfony\Component\Console\Application->find('server')
#1 D:\Copy gidenilson@gmail.com\Computacao\Curso Laravel 5\laravel-express\vendor\symfony\console\Application.php(120): Symfony\Component\Console\Application->doRun(Object(Symfony\Component\Console\Input\ArgvInput), Object(Symfony\Component\Console\Output\ConsoleOutput))
#2 D:\Copy gidenilson@gmail.com\Computacao\Curso Laravel 5\laravel-express\vendor\laravel\framework\src\Illuminate\Foundation\Console\Kernel.php(107): Symfony\Component\Console\Application->run(Object(Symfony\Component\Console\Input\ArgvInput), Object(Symfony\Component\Console\Output\ConsoleOutput))
#3 D:\Copy gidenilson@gmail.com\Computacao\Curso Laravel 5\laravel-express\artisan(36): Illuminate\Foundation\Console\Kernel->handle(Object(Symfony\Component\Console\Input\ArgvInput), Object(Symfony\Component\Console\Output\ConsoleOutput))
#4 {main}  
[2015-11-30 19:01:26] local.ERROR: exception 'InvalidArgumentException' with message 'There are no commands defined in the "D" namespace.' in D:\Copy gidenilson@gmail.com\Computacao\Curso Laravel 5\laravel-express\vendor\symfony\console\Application.php:465
Stack trace:
#0 D:\Copy gidenilson@gmail.com\Computacao\Curso Laravel 5\laravel-express\vendor\symfony\console\Application.php(497): Symfony\Component\Console\Application->findNamespace('D')
#1 D:\Copy gidenilson@gmail.com\Computacao\Curso Laravel 5\laravel-express\vendor\symfony\console\Application.php(186): Symfony\Component\Console\Application->find('D:\\Copy gidenil...')
#2 D:\Copy gidenilson@gmail.com\Computacao\Curso Laravel 5\laravel-express\vendor\symfony\console\Application.php(120): Symfony\Component\Console\Application->doRun(Object(Symfony\Component\Console\Input\ArgvInput), Object(Symfony\Component\Console\Output\ConsoleOutput))
#3 D:\Copy gidenilson@gmail.com\Computacao\Curso Laravel 5\laravel-express\vendor\laravel\framework\src\Illuminate\Foundation\Console\Kernel.php(107): Symfony\Component\Console\Application->run(Object(Symfony\Component\Console\Input\ArgvInput), Object(Symfony\Component\Console\Output\ConsoleOutput))
#4 D:\Copy gidenilson@gmail.com\Computacao\Curso Laravel 5\laravel-express\artisan(36): Illuminate\Foundation\Console\Kernel->handle(Object(Symfony\Component\Console\Input\ArgvInput), Object(Symfony\Component\Console\Output\ConsoleOutput))
#5 {main}  
[2015-11-30 19:05:21] local.ERROR: exception 'InvalidArgumentException' with message 'Command "server.php" is not defined.' in D:\Copy gidenilson@gmail.com\Computacao\Curso Laravel 5\laravel-express\vendor\symfony\console\Application.php:511
Stack trace:
#0 D:\Copy gidenilson@gmail.com\Computacao\Curso Laravel 5\laravel-express\vendor\symfony\console\Application.php(186): Symfony\Component\Console\Application->find('server.php')
#1 D:\Copy gidenilson@gmail.com\Computacao\Curso Laravel 5\laravel-express\vendor\symfony\console\Application.php(120): Symfony\Component\Console\Application->doRun(Object(Symfony\Component\Console\Input\ArgvInput), Object(Symfony\Component\Console\Output\ConsoleOutput))
#2 D:\Copy gidenilson@gmail.com\Computacao\Curso Laravel 5\laravel-express\vendor\laravel\framework\src\Illuminate\Foundation\Console\Kernel.php(107): Symfony\Component\Console\Application->run(Object(Symfony\Component\Console\Input\ArgvInput), Object(Symfony\Component\Console\Output\ConsoleOutput))
#3 D:\Copy gidenilson@gmail.com\Computacao\Curso Laravel 5\laravel-express\artisan(36): Illuminate\Foundation\Console\Kernel->handle(Object(Symfony\Component\Console\Input\ArgvInput), Object(Symfony\Component\Console\Output\ConsoleOutput))
#4 {main}  
[2015-11-30 19:06:29] local.ERROR: exception 'InvalidArgumentException' with message 'There are no commands defined in the "D" namespace.' in D:\Copy gidenilson@gmail.com\Computacao\Curso Laravel 5\laravel-express\vendor\symfony\console\Application.php:465
Stack trace:
#0 D:\Copy gidenilson@gmail.com\Computacao\Curso Laravel 5\laravel-express\vendor\symfony\console\Application.php(497): Symfony\Component\Console\Application->findNamespace('D')
#1 D:\Copy gidenilson@gmail.com\Computacao\Curso Laravel 5\laravel-express\vendor\symfony\console\Application.php(186): Symfony\Component\Console\Application->find('D:\\Copy gidenil...')
#2 D:\Copy gidenilson@gmail.com\Computacao\Curso Laravel 5\laravel-express\vendor\symfony\console\Application.php(120): Symfony\Component\Console\Application->doRun(Object(Symfony\Component\Console\Input\ArgvInput), Object(Symfony\Component\Console\Output\ConsoleOutput))
#3 D:\Copy gidenilson@gmail.com\Computacao\Curso Laravel 5\laravel-express\vendor\laravel\framework\src\Illuminate\Foundation\Console\Kernel.php(107): Symfony\Component\Console\Application->run(Object(Symfony\Component\Console\Input\ArgvInput), Object(Symfony\Component\Console\Output\ConsoleOutput))
#4 D:\Copy gidenilson@gmail.com\Computacao\Curso Laravel 5\laravel-express\artisan(36): Illuminate\Foundation\Console\Kernel->handle(Object(Symfony\Component\Console\Input\ArgvInput), Object(Symfony\Component\Console\Output\ConsoleOutput))
#5 {main}  
[2015-11-30 19:13:17] local.ERROR: exception 'InvalidArgumentException' with message 'Command "server.php" is not defined.' in D:\Copy gidenilson@gmail.com\Computacao\Curso Laravel 5\laravel-express\vendor\symfony\console\Application.php:511
Stack trace:
#0 D:\Copy gidenilson@gmail.com\Computacao\Curso Laravel 5\laravel-express\vendor\symfony\console\Application.php(186): Symfony\Component\Console\Application->find('server.php')
#1 D:\Copy gidenilson@gmail.com\Computacao\Curso Laravel 5\laravel-express\vendor\symfony\console\Application.php(120): Symfony\Component\Console\Application->doRun(Object(Symfony\Component\Console\Input\ArgvInput), Object(Symfony\Component\Console\Output\ConsoleOutput))
#2 D:\Copy gidenilson@gmail.com\Computacao\Curso Laravel 5\laravel-express\vendor\laravel\framework\src\Illuminate\Foundation\Console\Kernel.php(107): Symfony\Component\Console\Application->run(Object(Symfony\Component\Console\Input\ArgvInput), Object(Symfony\Component\Console\Output\ConsoleOutput))
#3 D:\Copy gidenilson@gmail.com\Computacao\Curso Laravel 5\laravel-express\artisan(36): Illuminate\Foundation\Console\Kernel->handle(Object(Symfony\Component\Console\Input\ArgvInput), Object(Symfony\Component\Console\Output\ConsoleOutput))
#4 {main}  
[2015-11-30 19:13:36] local.ERROR: exception 'ErrorException' with message 'Invalid argument supplied for foreach()' in D:\Copy gidenilson@gmail.com\Computacao\Curso Laravel 5\laravel-express\vendor\symfony\console\Input\ArgvInput.php:283
Stack trace:
#0 D:\Copy gidenilson@gmail.com\Computacao\Curso Laravel 5\laravel-express\vendor\symfony\console\Input\ArgvInput.php(283): Illuminate\Foundation\Bootstrap\HandleExceptions->handleError(2, 'Invalid argumen...', 'D:\\Copy gidenil...', 283, Array)
#1 D:\Copy gidenilson@gmail.com\Computacao\Curso Laravel 5\laravel-express\vendor\symfony\console\Application.php(787): Symfony\Component\Console\Input\ArgvInput->hasParameterOption(Array)
#2 D:\Copy gidenilson@gmail.com\Computacao\Curso Laravel 5\laravel-express\vendor\symfony\console\Application.php(117): Symfony\Component\Console\Application->configureIO(Object(Symfony\Component\Console\Input\ArgvInput), Object(Symfony\Component\Console\Output\ConsoleOutput))
#3 D:\Copy gidenilson@gmail.com\Computacao\Curso Laravel 5\laravel-express\vendor\laravel\framework\src\Illuminate\Foundation\Console\Kernel.php(107): Symfony\Component\Console\Application->run(Object(Symfony\Component\Console\Input\ArgvInput), Object(Symfony\Component\Console\Output\ConsoleOutput))
#4 D:\Copy gidenilson@gmail.com\Computacao\Curso Laravel 5\laravel-express\artisan(36): Illuminate\Foundation\Console\Kernel->handle(Object(Symfony\Component\Console\Input\ArgvInput), Object(Symfony\Component\Console\Output\ConsoleOutput))
#5 {main}  
[2015-11-30 19:13:39] local.ERROR: exception 'ErrorException' with message 'Invalid argument supplied for foreach()' in D:\Copy gidenilson@gmail.com\Computacao\Curso Laravel 5\laravel-express\vendor\symfony\console\Input\ArgvInput.php:283
Stack trace:
#0 D:\Copy gidenilson@gmail.com\Computacao\Curso Laravel 5\laravel-express\vendor\symfony\console\Input\ArgvInput.php(283): Illuminate\Foundation\Bootstrap\HandleExceptions->handleError(2, 'Invalid argumen...', 'D:\\Copy gidenil...', 283, Array)
#1 D:\Copy gidenilson@gmail.com\Computacao\Curso Laravel 5\laravel-express\vendor\symfony\console\Application.php(787): Symfony\Component\Console\Input\ArgvInput->hasParameterOption(Array)
#2 D:\Copy gidenilson@gmail.com\Computacao\Curso Laravel 5\laravel-express\vendor\symfony\console\Application.php(117): Symfony\Component\Console\Application->configureIO(Object(Symfony\Component\Console\Input\ArgvInput), Object(Symfony\Component\Console\Output\ConsoleOutput))
#3 D:\Copy gidenilson@gmail.com\Computacao\Curso Laravel 5\laravel-express\vendor\laravel\framework\src\Illuminate\Foundation\Console\Kernel.php(107): Symfony\Component\Console\Application->run(Object(Symfony\Component\Console\Input\ArgvInput), Object(Symfony\Component\Console\Output\ConsoleOutput))
#4 D:\Copy gidenilson@gmail.com\Computacao\Curso Laravel 5\laravel-express\artisan(36): Illuminate\Foundation\Console\Kernel->handle(Object(Symfony\Component\Console\Input\ArgvInput), Object(Symfony\Component\Console\Output\ConsoleOutput))
#5 {main}  
[2015-12-04 20:02:07] local.ERROR: exception 'ReflectionException' with message 'Class App\Http\Controllers\BlogController does not exist' in D:\Copy gidenilson@gmail.com\Computacao\Curso Laravel 5\laravel-express\vendor\laravel\framework\src\Illuminate\Container\Container.php:737
Stack trace:
#0 D:\Copy gidenilson@gmail.com\Computacao\Curso Laravel 5\laravel-express\vendor\laravel\framework\src\Illuminate\Container\Container.php(737): ReflectionClass->__construct('App\\Http\\Contro...')
#1 D:\Copy gidenilson@gmail.com\Computacao\Curso Laravel 5\laravel-express\vendor\laravel\framework\src\Illuminate\Container\Container.php(627): Illuminate\Container\Container->build('App\\Http\\Contro...', Array)
#2 D:\Copy gidenilson@gmail.com\Computacao\Curso Laravel 5\laravel-express\vendor\laravel\framework\src\Illuminate\Foundation\Application.php(674): Illuminate\Container\Container->make('App\\Http\\Contro...', Array)
#3 D:\Copy gidenilson@gmail.com\Computacao\Curso Laravel 5\laravel-express\vendor\laravel\framework\src\Illuminate\Routing\ControllerDispatcher.php(85): Illuminate\Foundation\Application->make('App\\Http\\Contro...')
#4 D:\Copy gidenilson@gmail.com\Computacao\Curso Laravel 5\laravel-express\vendor\laravel\framework\src\Illuminate\Routing\ControllerDispatcher.php(57): Illuminate\Routing\ControllerDispatcher->makeController('App\\Http\\Contro...')
#5 D:\Copy gidenilson@gmail.com\Computacao\Curso Laravel 5\laravel-express\vendor\laravel\framework\src\Illuminate\Routing\Route.php(203): Illuminate\Routing\ControllerDispatcher->dispatch(Object(Illuminate\Routing\Route), Object(Illuminate\Http\Request), 'App\\Http\\Contro...', 'index')
#6 D:\Copy gidenilson@gmail.com\Computacao\Curso Laravel 5\laravel-express\vendor\laravel\framework\src\Illuminate\Routing\Route.php(134): Illuminate\Routing\Route->runWithCustomDispatcher(Object(Illuminate\Http\Request))
#7 D:\Copy gidenilson@gmail.com\Computacao\Curso Laravel 5\laravel-express\vendor\laravel\framework\src\Illuminate\Routing\Router.php(708): Illuminate\Routing\Route->run(Object(Illuminate\Http\Request))
#8 [internal function]: Illuminate\Routing\Router->Illuminate\Routing\{closure}(Object(Illuminate\Http\Request))
#9 D:\Copy gidenilson@gmail.com\Computacao\Curso Laravel 5\laravel-express\vendor\laravel\framework\src\Illuminate\Pipeline\Pipeline.php(139): call_user_func(Object(Closure), Object(Illuminate\Http\Request))
#10 [internal function]: Illuminate\Pipeline\Pipeline->Illuminate\Pipeline\{closure}(Object(Illuminate\Http\Request))
#11 D:\Copy gidenilson@gmail.com\Computacao\Curso Laravel 5\laravel-express\vendor\laravel\framework\src\Illuminate\Pipeline\Pipeline.php(103): call_user_func(Object(Closure), Object(Illuminate\Http\Request))
#12 D:\Copy gidenilson@gmail.com\Computacao\Curso Laravel 5\laravel-express\vendor\laravel\framework\src\Illuminate\Routing\Router.php(710): Illuminate\Pipeline\Pipeline->then(Object(Closure))
#13 D:\Copy gidenilson@gmail.com\Computacao\Curso Laravel 5\laravel-express\vendor\laravel\framework\src\Illuminate\Routing\Router.php(675): Illuminate\Routing\Router->runRouteWithinStack(Object(Illuminate\Routing\Route), Object(Illuminate\Http\Request))
#14 D:\Copy gidenilson@gmail.com\Computacao\Curso Laravel 5\laravel-express\vendor\laravel\framework\src\Illuminate\Routing\Router.php(635): Illuminate\Routing\Router->dispatchToRoute(Object(Illuminate\Http\Request))
#15 D:\Copy gidenilson@gmail.com\Computacao\Curso Laravel 5\laravel-express\vendor\laravel\framework\src\Illuminate\Foundation\Http\Kernel.php(236): Illuminate\Routing\Router->dispatch(Object(Illuminate\Http\Request))
#16 [internal function]: Illuminate\Foundation\Http\Kernel->Illuminate\Foundation\Http\{closure}(Object(Illuminate\Http\Request))
#17 D:\Copy gidenilson@gmail.com\Computacao\Curso Laravel 5\laravel-express\vendor\laravel\framework\src\Illuminate\Pipeline\Pipeline.php(139): call_user_func(Object(Closure), Object(Illuminate\Http\Request))
#18 D:\Copy gidenilson@gmail.com\Computacao\Curso Laravel 5\laravel-express\vendor\laravel\framework\src\Illuminate\Foundation\Http\Middleware\VerifyCsrfToken.php(50): Illuminate\Pipeline\Pipeline->Illuminate\Pipeline\{closure}(Object(Illuminate\Http\Request))
#19 [internal function]: Illuminate\Foundation\Http\Middleware\VerifyCsrfToken->handle(Object(Illuminate\Http\Request), Object(Closure))
#20 D:\Copy gidenilson@gmail.com\Computacao\Curso Laravel 5\laravel-express\vendor\laravel\framework\src\Illuminate\Pipeline\Pipeline.php(124): call_user_func_array(Array, Array)
#21 D:\Copy gidenilson@gmail.com\Computacao\Curso Laravel 5\laravel-express\vendor\laravel\framework\src\Illuminate\View\Middleware\ShareErrorsFromSession.php(49): Illuminate\Pipeline\Pipeline->Illuminate\Pipeline\{closure}(Object(Illuminate\Http\Request))
#22 [internal function]: Illuminate\View\Middleware\ShareErrorsFromSession->handle(Object(Illuminate\Http\Request), Object(Closure))
#23 D:\Copy gidenilson@gmail.com\Computacao\Curso Laravel 5\laravel-express\vendor\laravel\framework\src\Illuminate\Pipeline\Pipeline.php(124): call_user_func_array(Array, Array)
#24 D:\Copy gidenilson@gmail.com\Computacao\Curso Laravel 5\laravel-express\vendor\laravel\framework\src\Illuminate\Session\Middleware\StartSession.php(62): Illuminate\Pipeline\Pipeline->Illuminate\Pipeline\{closure}(Object(Illuminate\Http\Request))
#25 [internal function]: Illuminate\Session\Middleware\StartSession->handle(Object(Illuminate\Http\Request), Object(Closure))
#26 D:\Copy gidenilson@gmail.com\Computacao\Curso Laravel 5\laravel-express\vendor\laravel\framework\src\Illuminate\Pipeline\Pipeline.php(124): call_user_func_array(Array, Array)
#27 D:\Copy gidenilson@gmail.com\Computacao\Curso Laravel 5\laravel-express\vendor\laravel\framework\src\Illuminate\Cookie\Middleware\AddQueuedCookiesToResponse.php(37): Illuminate\Pipeline\Pipeline->Illuminate\Pipeline\{closure}(Object(Illuminate\Http\Request))
#28 [internal function]: Illuminate\Cookie\Middleware\AddQueuedCookiesToResponse->handle(Object(Illuminate\Http\Request), Object(Closure))
#29 D:\Copy gidenilson@gmail.com\Computacao\Curso Laravel 5\laravel-express\vendor\laravel\framework\src\Illuminate\Pipeline\Pipeline.php(124): call_user_func_array(Array, Array)
#30 D:\Copy gidenilson@gmail.com\Computacao\Curso Laravel 5\laravel-express\vendor\laravel\framework\src\Illuminate\Cookie\Middleware\EncryptCookies.php(59): Illuminate\Pipeline\Pipeline->Illuminate\Pipeline\{closure}(Object(Illuminate\Http\Request))
#31 [internal function]: Illuminate\Cookie\Middleware\EncryptCookies->handle(Object(Illuminate\Http\Request), Object(Closure))
#32 D:\Copy gidenilson@gmail.com\Computacao\Curso Laravel 5\laravel-express\vendor\laravel\framework\src\Illuminate\Pipeline\Pipeline.php(124): call_user_func_array(Array, Array)
#33 D:\Copy gidenilson@gmail.com\Computacao\Curso Laravel 5\laravel-express\vendor\laravel\framework\src\Illuminate\Foundation\Http\Middleware\CheckForMaintenanceMode.php(44): Illuminate\Pipeline\Pipeline->Illuminate\Pipeline\{closure}(Object(Illuminate\Http\Request))
#34 [internal function]: Illuminate\Foundation\Http\Middleware\CheckForMaintenanceMode->handle(Object(Illuminate\Http\Request), Object(Closure))
#35 D:\Copy gidenilson@gmail.com\Computacao\Curso Laravel 5\laravel-express\vendor\laravel\framework\src\Illuminate\Pipeline\Pipeline.php(124): call_user_func_array(Array, Array)
#36 [internal function]: Illuminate\Pipeline\Pipeline->Illuminate\Pipeline\{closure}(Object(Illuminate\Http\Request))
#37 D:\Copy gidenilson@gmail.com\Computacao\Curso Laravel 5\laravel-express\vendor\laravel\framework\src\Illuminate\Pipeline\Pipeline.php(103): call_user_func(Object(Closure), Object(Illuminate\Http\Request))
#38 D:\Copy gidenilson@gmail.com\Computacao\Curso Laravel 5\laravel-express\vendor\laravel\framework\src\Illuminate\Foundation\Http\Kernel.php(122): Illuminate\Pipeline\Pipeline->then(Object(Closure))
#39 D:\Copy gidenilson@gmail.com\Computacao\Curso Laravel 5\laravel-express\vendor\laravel\framework\src\Illuminate\Foundation\Http\Kernel.php(87): Illuminate\Foundation\Http\Kernel->sendRequestThroughRouter(Object(Illuminate\Http\Request))
#40 D:\Copy gidenilson@gmail.com\Computacao\Curso Laravel 5\laravel-express\public\index.php(54): Illuminate\Foundation\Http\Kernel->handle(Object(Illuminate\Http\Request))
#41 D:\Copy gidenilson@gmail.com\Computacao\Curso Laravel 5\laravel-express\server.php(21): require_once('D:\\Copy gidenil...')
#42 {main}  
[2015-12-04 20:03:38] local.ERROR: exception 'ErrorException' with message 'Missing argument 1 for App\Http\Controllers\BlogController::index()' in D:\Copy gidenilson@gmail.com\Computacao\Curso Laravel 5\laravel-express\app\Http\Controllers\BlogController.php:12
Stack trace:
#0 D:\Copy gidenilson@gmail.com\Computacao\Curso Laravel 5\laravel-express\app\Http\Controllers\BlogController.php(12): Illuminate\Foundation\Bootstrap\HandleExceptions->handleError(2, 'Missing argumen...', 'D:\\Copy gidenil...', 12, Array)
#1 [internal function]: App\Http\Controllers\BlogController->index()
#2 D:\Copy gidenilson@gmail.com\Computacao\Curso Laravel 5\laravel-express\vendor\laravel\framework\src\Illuminate\Routing\Controller.php(256): call_user_func_array(Array, Array)
#3 D:\Copy gidenilson@gmail.com\Computacao\Curso Laravel 5\laravel-express\vendor\laravel\framework\src\Illuminate\Routing\ControllerDispatcher.php(164): Illuminate\Routing\Controller->callAction('index', Array)
#4 D:\Copy gidenilson@gmail.com\Computacao\Curso Laravel 5\laravel-express\vendor\laravel\framework\src\Illuminate\Routing\ControllerDispatcher.php(112): Illuminate\Routing\ControllerDispatcher->call(Object(App\Http\Controllers\BlogController), Object(Illuminate\Routing\Route), 'index')
#5 [internal function]: Illuminate\Routing\ControllerDispatcher->Illuminate\Routing\{closure}(Object(Illuminate\Http\Request))
#6 D:\Copy gidenilson@gmail.com\Computacao\Curso Laravel 5\laravel-express\vendor\laravel\framework\src\Illuminate\Pipeline\Pipeline.php(139): call_user_func(Object(Closure), Object(Illuminate\Http\Request))
#7 [internal function]: Illuminate\Pipeline\Pipeline->Illuminate\Pipeline\{closure}(Object(Illuminate\Http\Request))
#8 D:\Copy gidenilson@gmail.com\Computacao\Curso Laravel 5\laravel-express\vendor\laravel\framework\src\Illuminate\Pipeline\Pipeline.php(103): call_user_func(Object(Closure), Object(Illuminate\Http\Request))
#9 D:\Copy gidenilson@gmail.com\Computacao\Curso Laravel 5\laravel-express\vendor\laravel\framework\src\Illuminate\Routing\ControllerDispatcher.php(114): Illuminate\Pipeline\Pipeline->then(Object(Closure))
#10 D:\Copy gidenilson@gmail.com\Computacao\Curso Laravel 5\laravel-express\vendor\laravel\framework\src\Illuminate\Routing\ControllerDispatcher.php(69): Illuminate\Routing\ControllerDispatcher->callWithinStack(Object(App\Http\Controllers\BlogController), Object(Illuminate\Routing\Route), Object(Illuminate\Http\Request), 'index')
#11 D:\Copy gidenilson@gmail.com\Computacao\Curso Laravel 5\laravel-express\vendor\laravel\framework\src\Illuminate\Routing\Route.php(203): Illuminate\Routing\ControllerDispatcher->dispatch(Object(Illuminate\Routing\Route), Object(Illuminate\Http\Request), 'App\\Http\\Contro...', 'index')
#12 D:\Copy gidenilson@gmail.com\Computacao\Curso Laravel 5\laravel-express\vendor\laravel\framework\src\Illuminate\Routing\Route.php(134): Illuminate\Routing\Route->runWithCustomDispatcher(Object(Illuminate\Http\Request))
#13 D:\Copy gidenilson@gmail.com\Computacao\Curso Laravel 5\laravel-express\vendor\laravel\framework\src\Illuminate\Routing\Router.php(708): Illuminate\Routing\Route->run(Object(Illuminate\Http\Request))
#14 [internal function]: Illuminate\Routing\Router->Illuminate\Routing\{closure}(Object(Illuminate\Http\Request))
#15 D:\Copy gidenilson@gmail.com\Computacao\Curso Laravel 5\laravel-express\vendor\laravel\framework\src\Illuminate\Pipeline\Pipeline.php(139): call_user_func(Object(Closure), Object(Illuminate\Http\Request))
#16 [internal function]: Illuminate\Pipeline\Pipeline->Illuminate\Pipeline\{closure}(Object(Illuminate\Http\Request))
#17 D:\Copy gidenilson@gmail.com\Computacao\Curso Laravel 5\laravel-express\vendor\laravel\framework\src\Illuminate\Pipeline\Pipeline.php(103): call_user_func(Object(Closure), Object(Illuminate\Http\Request))
#18 D:\Copy gidenilson@gmail.com\Computacao\Curso Laravel 5\laravel-express\vendor\laravel\framework\src\Illuminate\Routing\Router.php(710): Illuminate\Pipeline\Pipeline->then(Object(Closure))
#19 D:\Copy gidenilson@gmail.com\Computacao\Curso Laravel 5\laravel-express\vendor\laravel\framework\src\Illuminate\Routing\Router.php(675): Illuminate\Routing\Router->runRouteWithinStack(Object(Illuminate\Routing\Route), Object(Illuminate\Http\Request))
#20 D:\Copy gidenilson@gmail.com\Computacao\Curso Laravel 5\laravel-express\vendor\laravel\framework\src\Illuminate\Routing\Router.php(635): Illuminate\Routing\Router->dispatchToRoute(Object(Illuminate\Http\Request))
#21 D:\Copy gidenilson@gmail.com\Computacao\Curso Laravel 5\laravel-express\vendor\laravel\framework\src\Illuminate\Foundation\Http\Kernel.php(236): Illuminate\Routing\Router->dispatch(Object(Illuminate\Http\Request))
#22 [internal function]: Illuminate\Foundation\Http\Kernel->Illuminate\Foundation\Http\{closure}(Object(Illuminate\Http\Request))
#23 D:\Copy gidenilson@gmail.com\Computacao\Curso Laravel 5\laravel-express\vendor\laravel\framework\src\Illuminate\Pipeline\Pipeline.php(139): call_user_func(Object(Closure), Object(Illuminate\Http\Request))
#24 D:\Copy gidenilson@gmail.com\Computacao\Curso Laravel 5\laravel-express\vendor\laravel\framework\src\Illuminate\Foundation\Http\Middleware\VerifyCsrfToken.php(50): Illuminate\Pipeline\Pipeline->Illuminate\Pipeline\{closure}(Object(Illuminate\Http\Request))
#25 [internal function]: Illuminate\Foundation\Http\Middleware\VerifyCsrfToken->handle(Object(Illuminate\Http\Request), Object(Closure))
#26 D:\Copy gidenilson@gmail.com\Computacao\Curso Laravel 5\laravel-express\vendor\laravel\framework\src\Illuminate\Pipeline\Pipeline.php(124): call_user_func_array(Array, Array)
#27 D:\Copy gidenilson@gmail.com\Computacao\Curso Laravel 5\laravel-express\vendor\laravel\framework\src\Illuminate\View\Middleware\ShareErrorsFromSession.php(49): Illuminate\Pipeline\Pipeline->Illuminate\Pipeline\{closure}(Object(Illuminate\Http\Request))
#28 [internal function]: Illuminate\View\Middleware\ShareErrorsFromSession->handle(Object(Illuminate\Http\Request), Object(Closure))
#29 D:\Copy gidenilson@gmail.com\Computacao\Curso Laravel 5\laravel-express\vendor\laravel\framework\src\Illuminate\Pipeline\Pipeline.php(124): call_user_func_array(Array, Array)
#30 D:\Copy gidenilson@gmail.com\Computacao\Curso Laravel 5\laravel-express\vendor\laravel\framework\src\Illuminate\Session\Middleware\StartSession.php(62): Illuminate\Pipeline\Pipeline->Illuminate\Pipeline\{closure}(Object(Illuminate\Http\Request))
#31 [internal function]: Illuminate\Session\Middleware\StartSession->handle(Object(Illuminate\Http\Request), Object(Closure))
#32 D:\Copy gidenilson@gmail.com\Computacao\Curso Laravel 5\laravel-express\vendor\laravel\framework\src\Illuminate\Pipeline\Pipeline.php(124): call_user_func_array(Array, Array)
#33 D:\Copy gidenilson@gmail.com\Computacao\Curso Laravel 5\laravel-express\vendor\laravel\framework\src\Illuminate\Cookie\Middleware\AddQueuedCookiesToResponse.php(37): Illuminate\Pipeline\Pipeline->Illuminate\Pipeline\{closure}(Object(Illuminate\Http\Request))
#34 [internal function]: Illuminate\Cookie\Middleware\AddQueuedCookiesToResponse->handle(Object(Illuminate\Http\Request), Object(Closure))
#35 D:\Copy gidenilson@gmail.com\Computacao\Curso Laravel 5\laravel-express\vendor\laravel\framework\src\Illuminate\Pipeline\Pipeline.php(124): call_user_func_array(Array, Array)
#36 D:\Copy gidenilson@gmail.com\Computacao\Curso Laravel 5\laravel-express\vendor\laravel\framework\src\Illuminate\Cookie\Middleware\EncryptCookies.php(59): Illuminate\Pipeline\Pipeline->Illuminate\Pipeline\{closure}(Object(Illuminate\Http\Request))
#37 [internal function]: Illuminate\Cookie\Middleware\EncryptCookies->handle(Object(Illuminate\Http\Request), Object(Closure))
#38 D:\Copy gidenilson@gmail.com\Computacao\Curso Laravel 5\laravel-express\vendor\laravel\framework\src\Illuminate\Pipeline\Pipeline.php(124): call_user_func_array(Array, Array)
#39 D:\Copy gidenilson@gmail.com\Computacao\Curso Laravel 5\laravel-express\vendor\laravel\framework\src\Illuminate\Foundation\Http\Middleware\CheckForMaintenanceMode.php(44): Illuminate\Pipeline\Pipeline->Illuminate\Pipeline\{closure}(Object(Illuminate\Http\Request))
#40 [internal function]: Illuminate\Foundation\Http\Middleware\CheckForMaintenanceMode->handle(Object(Illuminate\Http\Request), Object(Closure))
#41 D:\Copy gidenilson@gmail.com\Computacao\Curso Laravel 5\laravel-express\vendor\laravel\framework\src\Illuminate\Pipeline\Pipeline.php(124): call_user_func_array(Array, Array)
#42 [internal function]: Illuminate\Pipeline\Pipeline->Illuminate\Pipeline\{closure}(Object(Illuminate\Http\Request))
#43 D:\Copy gidenilson@gmail.com\Computacao\Curso Laravel 5\laravel-express\vendor\laravel\framework\src\Illuminate\Pipeline\Pipeline.php(103): call_user_func(Object(Closure), Object(Illuminate\Http\Request))
#44 D:\Copy gidenilson@gmail.com\Computacao\Curso Laravel 5\laravel-express\vendor\laravel\framework\src\Illuminate\Foundation\Http\Kernel.php(122): Illuminate\Pipeline\Pipeline->then(Object(Closure))
#45 D:\Copy gidenilson@gmail.com\Computacao\Curso Laravel 5\laravel-express\vendor\laravel\framework\src\Illuminate\Foundation\Http\Kernel.php(87): Illuminate\Foundation\Http\Kernel->sendRequestThroughRouter(Object(Illuminate\Http\Request))
#46 D:\Copy gidenilson@gmail.com\Computacao\Curso Laravel 5\laravel-express\public\index.php(54): Illuminate\Foundation\Http\Kernel->handle(Object(Illuminate\Http\Request))
#47 D:\Copy gidenilson@gmail.com\Computacao\Curso Laravel 5\laravel-express\server.php(21): require_once('D:\\Copy gidenil...')
#48 {main}  
[2015-12-04 20:03:42] local.ERROR: exception 'ErrorException' with message 'Missing argument 1 for App\Http\Controllers\BlogController::index()' in D:\Copy gidenilson@gmail.com\Computacao\Curso Laravel 5\laravel-express\app\Http\Controllers\BlogController.php:12
Stack trace:
#0 D:\Copy gidenilson@gmail.com\Computacao\Curso Laravel 5\laravel-express\app\Http\Controllers\BlogController.php(12): Illuminate\Foundation\Bootstrap\HandleExceptions->handleError(2, 'Missing argumen...', 'D:\\Copy gidenil...', 12, Array)
#1 [internal function]: App\Http\Controllers\BlogController->index()
#2 D:\Copy gidenilson@gmail.com\Computacao\Curso Laravel 5\laravel-express\vendor\laravel\framework\src\Illuminate\Routing\Controller.php(256): call_user_func_array(Array, Array)
#3 D:\Copy gidenilson@gmail.com\Computacao\Curso Laravel 5\laravel-express\vendor\laravel\framework\src\Illuminate\Routing\ControllerDispatcher.php(164): Illuminate\Routing\Controller->callAction('index', Array)
#4 D:\Copy gidenilson@gmail.com\Computacao\Curso Laravel 5\laravel-express\vendor\laravel\framework\src\Illuminate\Routing\ControllerDispatcher.php(112): Illuminate\Routing\ControllerDispatcher->call(Object(App\Http\Controllers\BlogController), Object(Illuminate\Routing\Route), 'index')
#5 [internal function]: Illuminate\Routing\ControllerDispatcher->Illuminate\Routing\{closure}(Object(Illuminate\Http\Request))
#6 D:\Copy gidenilson@gmail.com\Computacao\Curso Laravel 5\laravel-express\vendor\laravel\framework\src\Illuminate\Pipeline\Pipeline.php(139): call_user_func(Object(Closure), Object(Illuminate\Http\Request))
#7 [internal function]: Illuminate\Pipeline\Pipeline->Illuminate\Pipeline\{closure}(Object(Illuminate\Http\Request))
#8 D:\Copy gidenilson@gmail.com\Computacao\Curso Laravel 5\laravel-express\vendor\laravel\framework\src\Illuminate\Pipeline\Pipeline.php(103): call_user_func(Object(Closure), Object(Illuminate\Http\Request))
#9 D:\Copy gidenilson@gmail.com\Computacao\Curso Laravel 5\laravel-express\vendor\laravel\framework\src\Illuminate\Routing\ControllerDispatcher.php(114): Illuminate\Pipeline\Pipeline->then(Object(Closure))
#10 D:\Copy gidenilson@gmail.com\Computacao\Curso Laravel 5\laravel-express\vendor\laravel\framework\src\Illuminate\Routing\ControllerDispatcher.php(69): Illuminate\Routing\ControllerDispatcher->callWithinStack(Object(App\Http\Controllers\BlogController), Object(Illuminate\Routing\Route), Object(Illuminate\Http\Request), 'index')
#11 D:\Copy gidenilson@gmail.com\Computacao\Curso Laravel 5\laravel-express\vendor\laravel\framework\src\Illuminate\Routing\Route.php(203): Illuminate\Routing\ControllerDispatcher->dispatch(Object(Illuminate\Routing\Route), Object(Illuminate\Http\Request), 'App\\Http\\Contro...', 'index')
#12 D:\Copy gidenilson@gmail.com\Computacao\Curso Laravel 5\laravel-express\vendor\laravel\framework\src\Illuminate\Routing\Route.php(134): Illuminate\Routing\Route->runWithCustomDispatcher(Object(Illuminate\Http\Request))
#13 D:\Copy gidenilson@gmail.com\Computacao\Curso Laravel 5\laravel-express\vendor\laravel\framework\src\Illuminate\Routing\Router.php(708): Illuminate\Routing\Route->run(Object(Illuminate\Http\Request))
#14 [internal function]: Illuminate\Routing\Router->Illuminate\Routing\{closure}(Object(Illuminate\Http\Request))
#15 D:\Copy gidenilson@gmail.com\Computacao\Curso Laravel 5\laravel-express\vendor\laravel\framework\src\Illuminate\Pipeline\Pipeline.php(139): call_user_func(Object(Closure), Object(Illuminate\Http\Request))
#16 [internal function]: Illuminate\Pipeline\Pipeline->Illuminate\Pipeline\{closure}(Object(Illuminate\Http\Request))
#17 D:\Copy gidenilson@gmail.com\Computacao\Curso Laravel 5\laravel-express\vendor\laravel\framework\src\Illuminate\Pipeline\Pipeline.php(103): call_user_func(Object(Closure), Object(Illuminate\Http\Request))
#18 D:\Copy gidenilson@gmail.com\Computacao\Curso Laravel 5\laravel-express\vendor\laravel\framework\src\Illuminate\Routing\Router.php(710): Illuminate\Pipeline\Pipeline->then(Object(Closure))
#19 D:\Copy gidenilson@gmail.com\Computacao\Curso Laravel 5\laravel-express\vendor\laravel\framework\src\Illuminate\Routing\Router.php(675): Illuminate\Routing\Router->runRouteWithinStack(Object(Illuminate\Routing\Route), Object(Illuminate\Http\Request))
#20 D:\Copy gidenilson@gmail.com\Computacao\Curso Laravel 5\laravel-express\vendor\laravel\framework\src\Illuminate\Routing\Router.php(635): Illuminate\Routing\Router->dispatchToRoute(Object(Illuminate\Http\Request))
#21 D:\Copy gidenilson@gmail.com\Computacao\Curso Laravel 5\laravel-express\vendor\laravel\framework\src\Illuminate\Foundation\Http\Kernel.php(236): Illuminate\Routing\Router->dispatch(Object(Illuminate\Http\Request))
#22 [internal function]: Illuminate\Foundation\Http\Kernel->Illuminate\Foundation\Http\{closure}(Object(Illuminate\Http\Request))
#23 D:\Copy gidenilson@gmail.com\Computacao\Curso Laravel 5\laravel-express\vendor\laravel\framework\src\Illuminate\Pipeline\Pipeline.php(139): call_user_func(Object(Closure), Object(Illuminate\Http\Request))
#24 D:\Copy gidenilson@gmail.com\Computacao\Curso Laravel 5\laravel-express\vendor\laravel\framework\src\Illuminate\Foundation\Http\Middleware\VerifyCsrfToken.php(50): Illuminate\Pipeline\Pipeline->Illuminate\Pipeline\{closure}(Object(Illuminate\Http\Request))
#25 [internal function]: Illuminate\Foundation\Http\Middleware\VerifyCsrfToken->handle(Object(Illuminate\Http\Request), Object(Closure))
#26 D:\Copy gidenilson@gmail.com\Computacao\Curso Laravel 5\laravel-express\vendor\laravel\framework\src\Illuminate\Pipeline\Pipeline.php(124): call_user_func_array(Array, Array)
#27 D:\Copy gidenilson@gmail.com\Computacao\Curso Laravel 5\laravel-express\vendor\laravel\framework\src\Illuminate\View\Middleware\ShareErrorsFromSession.php(49): Illuminate\Pipeline\Pipeline->Illuminate\Pipeline\{closure}(Object(Illuminate\Http\Request))
#28 [internal function]: Illuminate\View\Middleware\ShareErrorsFromSession->handle(Object(Illuminate\Http\Request), Object(Closure))
#29 D:\Copy gidenilson@gmail.com\Computacao\Curso Laravel 5\laravel-express\vendor\laravel\framework\src\Illuminate\Pipeline\Pipeline.php(124): call_user_func_array(Array, Array)
#30 D:\Copy gidenilson@gmail.com\Computacao\Curso Laravel 5\laravel-express\vendor\laravel\framework\src\Illuminate\Session\Middleware\StartSession.php(62): Illuminate\Pipeline\Pipeline->Illuminate\Pipeline\{closure}(Object(Illuminate\Http\Request))
#31 [internal function]: Illuminate\Session\Middleware\StartSession->handle(Object(Illuminate\Http\Request), Object(Closure))
#32 D:\Copy gidenilson@gmail.com\Computacao\Curso Laravel 5\laravel-express\vendor\laravel\framework\src\Illuminate\Pipeline\Pipeline.php(124): call_user_func_array(Array, Array)
#33 D:\Copy gidenilson@gmail.com\Computacao\Curso Laravel 5\laravel-express\vendor\laravel\framework\src\Illuminate\Cookie\Middleware\AddQueuedCookiesToResponse.php(37): Illuminate\Pipeline\Pipeline->Illuminate\Pipeline\{closure}(Object(Illuminate\Http\Request))
#34 [internal function]: Illuminate\Cookie\Middleware\AddQueuedCookiesToResponse->handle(Object(Illuminate\Http\Request), Object(Closure))
#35 D:\Copy gidenilson@gmail.com\Computacao\Curso Laravel 5\laravel-express\vendor\laravel\framework\src\Illuminate\Pipeline\Pipeline.php(124): call_user_func_array(Array, Array)
#36 D:\Copy gidenilson@gmail.com\Computacao\Curso Laravel 5\laravel-express\vendor\laravel\framework\src\Illuminate\Cookie\Middleware\EncryptCookies.php(59): Illuminate\Pipeline\Pipeline->Illuminate\Pipeline\{closure}(Object(Illuminate\Http\Request))
#37 [internal function]: Illuminate\Cookie\Middleware\EncryptCookies->handle(Object(Illuminate\Http\Request), Object(Closure))
#38 D:\Copy gidenilson@gmail.com\Computacao\Curso Laravel 5\laravel-express\vendor\laravel\framework\src\Illuminate\Pipeline\Pipeline.php(124): call_user_func_array(Array, Array)
#39 D:\Copy gidenilson@gmail.com\Computacao\Curso Laravel 5\laravel-express\vendor\laravel\framework\src\Illuminate\Foundation\Http\Middleware\CheckForMaintenanceMode.php(44): Illuminate\Pipeline\Pipeline->Illuminate\Pipeline\{closure}(Object(Illuminate\Http\Request))
#40 [internal function]: Illuminate\Foundation\Http\Middleware\CheckForMaintenanceMode->handle(Object(Illuminate\Http\Request), Object(Closure))
#41 D:\Copy gidenilson@gmail.com\Computacao\Curso Laravel 5\laravel-express\vendor\laravel\framework\src\Illuminate\Pipeline\Pipeline.php(124): call_user_func_array(Array, Array)
#42 [internal function]: Illuminate\Pipeline\Pipeline->Illuminate\Pipeline\{closure}(Object(Illuminate\Http\Request))
#43 D:\Copy gidenilson@gmail.com\Computacao\Curso Laravel 5\laravel-express\vendor\laravel\framework\src\Illuminate\Pipeline\Pipeline.php(103): call_user_func(Object(Closure), Object(Illuminate\Http\Request))
#44 D:\Copy gidenilson@gmail.com\Computacao\Curso Laravel 5\laravel-express\vendor\laravel\framework\src\Illuminate\Foundation\Http\Kernel.php(122): Illuminate\Pipeline\Pipeline->then(Object(Closure))
#45 D:\Copy gidenilson@gmail.com\Computacao\Curso Laravel 5\laravel-express\vendor\laravel\framework\src\Illuminate\Foundation\Http\Kernel.php(87): Illuminate\Foundation\Http\Kernel->sendRequestThroughRouter(Object(Illuminate\Http\Request))
#46 D:\Copy gidenilson@gmail.com\Computacao\Curso Laravel 5\laravel-express\public\index.php(54): Illuminate\Foundation\Http\Kernel->handle(Object(Illuminate\Http\Request))
#47 D:\Copy gidenilson@gmail.com\Computacao\Curso Laravel 5\laravel-express\server.php(21): require_once('D:\\Copy gidenil...')
#48 {main}  
[2015-12-04 20:04:19] local.ERROR: exception 'InvalidArgumentException' with message 'View [template] not found.' in D:\Copy gidenilson@gmail.com\Computacao\Curso Laravel 5\laravel-express\vendor\laravel\framework\src\Illuminate\View\FileViewFinder.php:137
Stack trace:
#0 D:\Copy gidenilson@gmail.com\Computacao\Curso Laravel 5\laravel-express\vendor\laravel\framework\src\Illuminate\View\FileViewFinder.php(79): Illuminate\View\FileViewFinder->findInPaths('template', Array)
#1 D:\Copy gidenilson@gmail.com\Computacao\Curso Laravel 5\laravel-express\vendor\laravel\framework\src\Illuminate\View\Factory.php(151): Illuminate\View\FileViewFinder->find('template')
#2 D:\Copy gidenilson@gmail.com\Computacao\Curso Laravel 5\laravel-express\vendor\laravel\framework\src\Illuminate\Foundation\helpers.php(737): Illuminate\View\Factory->make('template', Array, Array)
#3 D:\Copy gidenilson@gmail.com\Computacao\Curso Laravel 5\laravel-express\app\Http\Controllers\BlogController.php(13): view('template')
#4 [internal function]: App\Http\Controllers\BlogController->index()
#5 D:\Copy gidenilson@gmail.com\Computacao\Curso Laravel 5\laravel-express\vendor\laravel\framework\src\Illuminate\Routing\Controller.php(256): call_user_func_array(Array, Array)
#6 D:\Copy gidenilson@gmail.com\Computacao\Curso Laravel 5\laravel-express\vendor\laravel\framework\src\Illuminate\Routing\ControllerDispatcher.php(164): Illuminate\Routing\Controller->callAction('index', Array)
#7 D:\Copy gidenilson@gmail.com\Computacao\Curso Laravel 5\laravel-express\vendor\laravel\framework\src\Illuminate\Routing\ControllerDispatcher.php(112): Illuminate\Routing\ControllerDispatcher->call(Object(App\Http\Controllers\BlogController), Object(Illuminate\Routing\Route), 'index')
#8 [internal function]: Illuminate\Routing\ControllerDispatcher->Illuminate\Routing\{closure}(Object(Illuminate\Http\Request))
#9 D:\Copy gidenilson@gmail.com\Computacao\Curso Laravel 5\laravel-express\vendor\laravel\framework\src\Illuminate\Pipeline\Pipeline.php(139): call_user_func(Object(Closure), Object(Illuminate\Http\Request))
#10 [internal function]: Illuminate\Pipeline\Pipeline->Illuminate\Pipeline\{closure}(Object(Illuminate\Http\Request))
#11 D:\Copy gidenilson@gmail.com\Computacao\Curso Laravel 5\laravel-express\vendor\laravel\framework\src\Illuminate\Pipeline\Pipeline.php(103): call_user_func(Object(Closure), Object(Illuminate\Http\Request))
#12 D:\Copy gidenilson@gmail.com\Computacao\Curso Laravel 5\laravel-express\vendor\laravel\framework\src\Illuminate\Routing\ControllerDispatcher.php(114): Illuminate\Pipeline\Pipeline->then(Object(Closure))
#13 D:\Copy gidenilson@gmail.com\Computacao\Curso Laravel 5\laravel-express\vendor\laravel\framework\src\Illuminate\Routing\ControllerDispatcher.php(69): Illuminate\Routing\ControllerDispatcher->callWithinStack(Object(App\Http\Controllers\BlogController), Object(Illuminate\Routing\Route), Object(Illuminate\Http\Request), 'index')
#14 D:\Copy gidenilson@gmail.com\Computacao\Curso Laravel 5\laravel-express\vendor\laravel\framework\src\Illuminate\Routing\Route.php(203): Illuminate\Routing\ControllerDispatcher->dispatch(Object(Illuminate\Routing\Route), Object(Illuminate\Http\Request), 'App\\Http\\Contro...', 'index')
#15 D:\Copy gidenilson@gmail.com\Computacao\Curso Laravel 5\laravel-express\vendor\laravel\framework\src\Illuminate\Routing\Route.php(134): Illuminate\Routing\Route->runWithCustomDispatcher(Object(Illuminate\Http\Request))
#16 D:\Copy gidenilson@gmail.com\Computacao\Curso Laravel 5\laravel-express\vendor\laravel\framework\src\Illuminate\Routing\Router.php(708): Illuminate\Routing\Route->run(Object(Illuminate\Http\Request))
#17 [internal function]: Illuminate\Routing\Router->Illuminate\Routing\{closure}(Object(Illuminate\Http\Request))
#18 D:\Copy gidenilson@gmail.com\Computacao\Curso Laravel 5\laravel-express\vendor\laravel\framework\src\Illuminate\Pipeline\Pipeline.php(139): call_user_func(Object(Closure), Object(Illuminate\Http\Request))
#19 [internal function]: Illuminate\Pipeline\Pipeline->Illuminate\Pipeline\{closure}(Object(Illuminate\Http\Request))
#20 D:\Copy gidenilson@gmail.com\Computacao\Curso Laravel 5\laravel-express\vendor\laravel\framework\src\Illuminate\Pipeline\Pipeline.php(103): call_user_func(Object(Closure), Object(Illuminate\Http\Request))
#21 D:\Copy gidenilson@gmail.com\Computacao\Curso Laravel 5\laravel-express\vendor\laravel\framework\src\Illuminate\Routing\Router.php(710): Illuminate\Pipeline\Pipeline->then(Object(Closure))
#22 D:\Copy gidenilson@gmail.com\Computacao\Curso Laravel 5\laravel-express\vendor\laravel\framework\src\Illuminate\Routing\Router.php(675): Illuminate\Routing\Router->runRouteWithinStack(Object(Illuminate\Routing\Route), Object(Illuminate\Http\Request))
#23 D:\Copy gidenilson@gmail.com\Computacao\Curso Laravel 5\laravel-express\vendor\laravel\framework\src\Illuminate\Routing\Router.php(635): Illuminate\Routing\Router->dispatchToRoute(Object(Illuminate\Http\Request))
#24 D:\Copy gidenilson@gmail.com\Computacao\Curso Laravel 5\laravel-express\vendor\laravel\framework\src\Illuminate\Foundation\Http\Kernel.php(236): Illuminate\Routing\Router->dispatch(Object(Illuminate\Http\Request))
#25 [internal function]: Illuminate\Foundation\Http\Kernel->Illuminate\Foundation\Http\{closure}(Object(Illuminate\Http\Request))
#26 D:\Copy gidenilson@gmail.com\Computacao\Curso Laravel 5\laravel-express\vendor\laravel\framework\src\Illuminate\Pipeline\Pipeline.php(139): call_user_func(Object(Closure), Object(Illuminate\Http\Request))
#27 D:\Copy gidenilson@gmail.com\Computacao\Curso Laravel 5\laravel-express\vendor\laravel\framework\src\Illuminate\Foundation\Http\Middleware\VerifyCsrfToken.php(50): Illuminate\Pipeline\Pipeline->Illuminate\Pipeline\{closure}(Object(Illuminate\Http\Request))
#28 [internal function]: Illuminate\Foundation\Http\Middleware\VerifyCsrfToken->handle(Object(Illuminate\Http\Request), Object(Closure))
#29 D:\Copy gidenilson@gmail.com\Computacao\Curso Laravel 5\laravel-express\vendor\laravel\framework\src\Illuminate\Pipeline\Pipeline.php(124): call_user_func_array(Array, Array)
#30 D:\Copy gidenilson@gmail.com\Computacao\Curso Laravel 5\laravel-express\vendor\laravel\framework\src\Illuminate\View\Middleware\ShareErrorsFromSession.php(49): Illuminate\Pipeline\Pipeline->Illuminate\Pipeline\{closure}(Object(Illuminate\Http\Request))
#31 [internal function]: Illuminate\View\Middleware\ShareErrorsFromSession->handle(Object(Illuminate\Http\Request), Object(Closure))
#32 D:\Copy gidenilson@gmail.com\Computacao\Curso Laravel 5\laravel-express\vendor\laravel\framework\src\Illuminate\Pipeline\Pipeline.php(124): call_user_func_array(Array, Array)
#33 D:\Copy gidenilson@gmail.com\Computacao\Curso Laravel 5\laravel-express\vendor\laravel\framework\src\Illuminate\Session\Middleware\StartSession.php(62): Illuminate\Pipeline\Pipeline->Illuminate\Pipeline\{closure}(Object(Illuminate\Http\Request))
#34 [internal function]: Illuminate\Session\Middleware\StartSession->handle(Object(Illuminate\Http\Request), Object(Closure))
#35 D:\Copy gidenilson@gmail.com\Computacao\Curso Laravel 5\laravel-express\vendor\laravel\framework\src\Illuminate\Pipeline\Pipeline.php(124): call_user_func_array(Array, Array)
#36 D:\Copy gidenilson@gmail.com\Computacao\Curso Laravel 5\laravel-express\vendor\laravel\framework\src\Illuminate\Cookie\Middleware\AddQueuedCookiesToResponse.php(37): Illuminate\Pipeline\Pipeline->Illuminate\Pipeline\{closure}(Object(Illuminate\Http\Request))
#37 [internal function]: Illuminate\Cookie\Middleware\AddQueuedCookiesToResponse->handle(Object(Illuminate\Http\Request), Object(Closure))
#38 D:\Copy gidenilson@gmail.com\Computacao\Curso Laravel 5\laravel-express\vendor\laravel\framework\src\Illuminate\Pipeline\Pipeline.php(124): call_user_func_array(Array, Array)
#39 D:\Copy gidenilson@gmail.com\Computacao\Curso Laravel 5\laravel-express\vendor\laravel\framework\src\Illuminate\Cookie\Middleware\EncryptCookies.php(59): Illuminate\Pipeline\Pipeline->Illuminate\Pipeline\{closure}(Object(Illuminate\Http\Request))
#40 [internal function]: Illuminate\Cookie\Middleware\EncryptCookies->handle(Object(Illuminate\Http\Request), Object(Closure))
#41 D:\Copy gidenilson@gmail.com\Computacao\Curso Laravel 5\laravel-express\vendor\laravel\framework\src\Illuminate\Pipeline\Pipeline.php(124): call_user_func_array(Array, Array)
#42 D:\Copy gidenilson@gmail.com\Computacao\Curso Laravel 5\laravel-express\vendor\laravel\framework\src\Illuminate\Foundation\Http\Middleware\CheckForMaintenanceMode.php(44): Illuminate\Pipeline\Pipeline->Illuminate\Pipeline\{closure}(Object(Illuminate\Http\Request))
#43 [internal function]: Illuminate\Foundation\Http\Middleware\CheckForMaintenanceMode->handle(Object(Illuminate\Http\Request), Object(Closure))
#44 D:\Copy gidenilson@gmail.com\Computacao\Curso Laravel 5\laravel-express\vendor\laravel\framework\src\Illuminate\Pipeline\Pipeline.php(124): call_user_func_array(Array, Array)
#45 [internal function]: Illuminate\Pipeline\Pipeline->Illuminate\Pipeline\{closure}(Object(Illuminate\Http\Request))
#46 D:\Copy gidenilson@gmail.com\Computacao\Curso Laravel 5\laravel-express\vendor\laravel\framework\src\Illuminate\Pipeline\Pipeline.php(103): call_user_func(Object(Closure), Object(Illuminate\Http\Request))
#47 D:\Copy gidenilson@gmail.com\Computacao\Curso Laravel 5\laravel-express\vendor\laravel\framework\src\Illuminate\Foundation\Http\Kernel.php(122): Illuminate\Pipeline\Pipeline->then(Object(Closure))
#48 D:\Copy gidenilson@gmail.com\Computacao\Curso Laravel 5\laravel-express\vendor\laravel\framework\src\Illuminate\Foundation\Http\Kernel.php(87): Illuminate\Foundation\Http\Kernel->sendRequestThroughRouter(Object(Illuminate\Http\Request))
#49 D:\Copy gidenilson@gmail.com\Computacao\Curso Laravel 5\laravel-express\public\index.php(54): Illuminate\Foundation\Http\Kernel->handle(Object(Illuminate\Http\Request))
#50 D:\Copy gidenilson@gmail.com\Computacao\Curso Laravel 5\laravel-express\server.php(21): require_once('D:\\Copy gidenil...')
#51 {main}  
